Using pre-set license
Built from '2021.2/staging' branch; Version is '2021.2.16f1 (559fc0ec6670) revision 5611456'; Using compiler version '192829333'; Build Type 'Release'
OS: 'Windows 10  (10.0.19043) 64bit Core' Language: 'en' Physical Memory: 16339 MB
BatchMode: 1, IsHumanControllingUs: 0, StartBugReporterOnCrash: 0, Is64bit: 1, IsPro: 1

COMMAND LINE ARGUMENTS:
D:\Unity\2021.2.16f1\Editor\Unity.exe
-adb2
-batchMode
-noUpm
-name
AssetImportWorker1
-projectPath
D:/Unity/4K-Recorder/4K_Recorder
-logFile
Logs/AssetImportWorker1.log
-srvPort
54654
Successfully changed project path to: D:/Unity/4K-Recorder/4K_Recorder
D:/Unity/4K-Recorder/4K_Recorder
[UnityMemory] Configuration Parameters - Can be set up in boot.config
    "memorysetup-bucket-allocator-granularity=16"
    "memorysetup-bucket-allocator-bucket-count=8"
    "memorysetup-bucket-allocator-block-size=33554432"
    "memorysetup-bucket-allocator-block-count=8"
    "memorysetup-main-allocator-block-size=16777216"
    "memorysetup-thread-allocator-block-size=16777216"
    "memorysetup-gfx-main-allocator-block-size=16777216"
    "memorysetup-gfx-thread-allocator-block-size=16777216"
    "memorysetup-cache-allocator-block-size=4194304"
    "memorysetup-typetree-allocator-block-size=2097152"
    "memorysetup-profiler-bucket-allocator-granularity=16"
    "memorysetup-profiler-bucket-allocator-bucket-count=8"
    "memorysetup-profiler-bucket-allocator-block-size=33554432"
    "memorysetup-profiler-bucket-allocator-block-count=8"
    "memorysetup-profiler-allocator-block-size=16777216"
    "memorysetup-profiler-editor-allocator-block-size=1048576"
    "memorysetup-temp-allocator-size-main=16777216"
    "memorysetup-job-temp-allocator-block-size=2097152"
    "memorysetup-job-temp-allocator-block-size-background=1048576"
    "memorysetup-job-temp-allocator-reduction-small-platforms=262144"
    "memorysetup-temp-allocator-size-background-worker=32768"
    "memorysetup-temp-allocator-size-job-worker=262144"
    "memorysetup-temp-allocator-size-preload-manager=33554432"
    "memorysetup-temp-allocator-size-nav-mesh-worker=65536"
    "memorysetup-temp-allocator-size-audio-worker=65536"
    "memorysetup-temp-allocator-size-cloud-worker=32768"
    "memorysetup-temp-allocator-size-gi-baking-worker=262144"
    "memorysetup-temp-allocator-size-gfx=262144"
Refreshing native plugins compatible for Editor in 367.28 ms, found 5 plugins.
Preloading 0 native plugins for Editor in 0.00 ms.
Initialize engine version: 2021.2.16f1 (559fc0ec6670)
[Subsystems] Discovering subsystems at path D:/Unity/2021.2.16f1/Editor/Data/Resources/UnitySubsystems
[Subsystems] Discovering subsystems at path D:/Unity/4K-Recorder/4K_Recorder/Assets
GfxDevice: creating device client; threaded=0; jobified=0
Direct3D:
    Version:  Direct3D 11.0 [level 11.1]
    Renderer: NVIDIA GeForce GTX 1060 (ID=0x1c20)
    Vendor:   NVIDIA
    VRAM:     6052 MB
    Driver:   27.21.14.5167
Initialize mono
Mono path[0] = 'D:/Unity/2021.2.16f1/Editor/Data/Managed'
Mono path[1] = 'D:/Unity/2021.2.16f1/Editor/Data/MonoBleedingEdge/lib/mono/unityjit-win32'
Mono config path = 'D:/Unity/2021.2.16f1/Editor/Data/MonoBleedingEdge/etc'
Using monoOptions --debugger-agent=transport=dt_socket,embedding=1,server=y,suspend=n,address=127.0.0.1:56488
Begin MonoManager ReloadAssembly
Registering precompiled unity dll's ...
Register platform support module: D:/Unity/2021.2.16f1/Editor/Data/PlaybackEngines/AndroidPlayer/UnityEditor.Android.Extensions.dll
Register platform support module: D:/Unity/2021.2.16f1/Editor/Data/PlaybackEngines/iOSSupport/UnityEditor.iOS.Extensions.dll
Register platform support module: D:/Unity/2021.2.16f1/Editor/Data/PlaybackEngines/WindowsStandaloneSupport/UnityEditor.WindowsStandalone.Extensions.dll
Registered in 0.005641 seconds.
Native extension for WindowsStandalone target not found
[usbmuxd] Start listen thread
[usbmuxd] Listen thread started
Native extension for iOS target not found
Native extension for Android target not found
Refreshing native plugins compatible for Editor in 543.06 ms, found 5 plugins.
Preloading 0 native plugins for Editor in 0.00 ms.
Mono: successfully reloaded assembly
- Completed reload, in  1.713 seconds
Domain Reload Profiling:
	ReloadAssembly (1714ms)
		BeginReloadAssembly (148ms)
			ExecutionOrderSort (0ms)
			DisableScriptedObjects (0ms)
			BackupInstance (0ms)
			ReleaseScriptingObjects (0ms)
			CreateAndSetChildDomain (1ms)
		EndReloadAssembly (1367ms)
			LoadAssemblies (148ms)
			RebuildTransferFunctionScriptingTraits (0ms)
			SetupTypeCache (211ms)
			ReleaseScriptCaches (0ms)
			RebuildScriptCaches (48ms)
			SetupLoadedEditorAssemblies (1012ms)
				LogAssemblyErrors (0ms)
				InitializePlatformSupportModulesInManaged (113ms)
				SetLoadedEditorAssemblies (5ms)
				RefreshPlugins (543ms)
				BeforeProcessingInitializeOnLoad (3ms)
				ProcessInitializeOnLoadAttributes (232ms)
				ProcessInitializeOnLoadMethodAttributes (115ms)
				AfterProcessingInitializeOnLoad (0ms)
				EditorAssembliesLoaded (0ms)
			ExecutionOrderSort2 (0ms)
			AwakeInstancesAfterBackupRestoration (0ms)
Platform modules already initialized, skipping
Registering precompiled user dll's ...
Registered in 0.023188 seconds.
Begin MonoManager ReloadAssembly
Symbol file LoadedFromMemory doesn't match image D:\Unity\4K-Recorder\4K_Recorder\Library\PackageCache\com.unity.visualscripting@1.7.6\Editor\VisualScripting.Core\Dependencies\YamlDotNet\Unity.VisualScripting.YamlDotNet.dll
Symbol file LoadedFromMemory doesn't match image D:\Unity\4K-Recorder\4K_Recorder\Library\PackageCache\com.unity.visualscripting@1.7.6\Editor\VisualScripting.Core\Dependencies\DotNetZip\Unity.VisualScripting.IonicZip.dll
Native extension for WindowsStandalone target not found
Native extension for iOS target not found
Native extension for Android target not found
Refreshing native plugins compatible for Editor in 331.08 ms, found 5 plugins.
Preloading 0 native plugins for Editor in 0.00 ms.
Mono: successfully reloaded assembly
- Completed reload, in  4.556 seconds
Domain Reload Profiling:
	ReloadAssembly (4557ms)
		BeginReloadAssembly (398ms)
			ExecutionOrderSort (0ms)
			DisableScriptedObjects (16ms)
			BackupInstance (0ms)
			ReleaseScriptingObjects (0ms)
			CreateAndSetChildDomain (164ms)
		EndReloadAssembly (3914ms)
			LoadAssemblies (224ms)
			RebuildTransferFunctionScriptingTraits (0ms)
			SetupTypeCache (809ms)
			ReleaseScriptCaches (3ms)
			RebuildScriptCaches (391ms)
			SetupLoadedEditorAssemblies (2353ms)
				LogAssemblyErrors (0ms)
				InitializePlatformSupportModulesInManaged (43ms)
				SetLoadedEditorAssemblies (0ms)
				RefreshPlugins (331ms)
				BeforeProcessingInitializeOnLoad (260ms)
				ProcessInitializeOnLoadAttributes (1449ms)
				ProcessInitializeOnLoadMethodAttributes (262ms)
				AfterProcessingInitializeOnLoad (7ms)
				EditorAssembliesLoaded (0ms)
			ExecutionOrderSort2 (0ms)
			AwakeInstancesAfterBackupRestoration (9ms)
Platform modules already initialized, skipping
========================================================================
Worker process is ready to serve import requests
Launched and connected shader compiler UnityShaderCompiler.exe after 0.10 seconds
Refreshing native plugins compatible for Editor in 1.76 ms, found 5 plugins.
Preloading 0 native plugins for Editor in 0.00 ms.
Unloading 6930 Unused Serialized files (Serialized files now loaded: 0)
Unloading 71 unused Assets / (3.8 MB). Loaded Objects now: 7386.
Memory consumption went from 309.8 MB to 305.9 MB.
Total: 7.941700 ms (FindLiveObjects: 0.775700 ms CreateObjectMapping: 0.760700 ms MarkObjects: 4.928900 ms  DeleteObjects: 1.474900 ms)

AssetImportParameters requested are different than current active one (requested -> active):
  custom:video-decoder-ogg-theora: a1e56fd34408186e4bbccfd4996cb3dc -> 
  custom:container-muxer-webm: aa71ff27fc2769a1b78a27578f13a17b -> 
  custom:container-demuxer-webm: 4f35f7cbe854078d1ac9338744f61a02 -> 
  custom:video-encoder-webm-vp8: eb34c28f22e8b96e1ab97ce403110664 -> 
  custom:video-codec-MediaFoundation-h265: 746d11721c4dcdbdad8f713fa42b33f4 -> 
  custom:audio-encoder-webm-vorbis: bf7c407c2cedff20999df2af8eb42d56 -> 
  custom:framework-win-MediaFoundation: 216162199b28c13a410421893ffa2e32 -> 
  custom:container-demuxer-ogg: 62fdf1f143b41e24485cea50d1cbac27 -> 
  custom:video-decoder-webm-vp8: 9c59270c3fd7afecdb556c50c9e8de78 -> 
  custom:audio-decoder-ogg-vorbis: bf7c407c2cedff20999df2af8eb42d56 -> 
========================================================================
Received Import Request.
  Time since last request: 105723.361121 seconds.
  path: Assets/Tiny Giant Studio/Modular 3D Text/Media/Materials/Blue.mat
  artifactKey: Guid(b2b6c5f04ab123a49941855cbdf9a358) Importer(815301076,1909f56bfc062723c751e8b465ee728b)
Start importing Assets/Tiny Giant Studio/Modular 3D Text/Media/Materials/Blue.mat using Guid(b2b6c5f04ab123a49941855cbdf9a358) Importer(815301076,1909f56bfc062723c751e8b465ee728b)  -> (artifact id: '93b50cb65198690073664a028a06b0c5') in 1.945496 seconds 
========================================================================
Received Import Request.
  Time since last request: 0.000045 seconds.
  path: Assets/Tiny Giant Studio/Modular 3D Text/Media/Materials/Grid 160 x 160.mat
  artifactKey: Guid(26007285ccfaf9e438126c4a0c71f5de) Importer(815301076,1909f56bfc062723c751e8b465ee728b)
Start importing Assets/Tiny Giant Studio/Modular 3D Text/Media/Materials/Grid 160 x 160.mat using Guid(26007285ccfaf9e438126c4a0c71f5de) Importer(815301076,1909f56bfc062723c751e8b465ee728b)  -> (artifact id: 'fa1980dade306b85cd00606441573828') in 0.047491 seconds 
========================================================================
Received Import Request.
  Time since last request: 0.000052 seconds.
  path: Assets/Tiny Giant Studio/Modular 3D Text/Media/Materials/Black.mat
  artifactKey: Guid(323309279f3626a4ba74c611555546c5) Importer(815301076,1909f56bfc062723c751e8b465ee728b)
Start importing Assets/Tiny Giant Studio/Modular 3D Text/Media/Materials/Black.mat using Guid(323309279f3626a4ba74c611555546c5) Importer(815301076,1909f56bfc062723c751e8b465ee728b)  -> (artifact id: 'e61b4940b1a6eec1140422e980466523') in 0.030216 seconds 
========================================================================
Received Import Request.
  Time since last request: 0.000046 seconds.
  path: Assets/Tiny Giant Studio/Modular 3D Text/Media/Materials/White Dark.mat
  artifactKey: Guid(01026a7aa911b8543bf3d8c45775fe16) Importer(815301076,1909f56bfc062723c751e8b465ee728b)
Start importing Assets/Tiny Giant Studio/Modular 3D Text/Media/Materials/White Dark.mat using Guid(01026a7aa911b8543bf3d8c45775fe16) Importer(815301076,1909f56bfc062723c751e8b465ee728b)  -> (artifact id: '3b9e64d2c38a59ec45409418cb95b4aa') in 0.028007 seconds 
========================================================================
Received Import Request.
  Time since last request: 0.000040 seconds.
  path: Assets/Tiny Giant Studio/Modular 3D Text/Media/Materials/Grid 80 x 80.mat
  artifactKey: Guid(3ad5a5ad127306740a393e4f2568942e) Importer(815301076,1909f56bfc062723c751e8b465ee728b)
Start importing Assets/Tiny Giant Studio/Modular 3D Text/Media/Materials/Grid 80 x 80.mat using Guid(3ad5a5ad127306740a393e4f2568942e) Importer(815301076,1909f56bfc062723c751e8b465ee728b)  -> (artifact id: 'a468217281973a48b727c9fb8db94a0d') in 0.027976 seconds 
========================================================================
Received Import Request.
  Time since last request: 0.000046 seconds.
  path: Assets/Tiny Giant Studio/Modular 3D Text/Media/Materials/Grey Light Dark.mat
  artifactKey: Guid(a25ca6aee6a441c4486f29a0624c9606) Importer(815301076,1909f56bfc062723c751e8b465ee728b)
Start importing Assets/Tiny Giant Studio/Modular 3D Text/Media/Materials/Grey Light Dark.mat using Guid(a25ca6aee6a441c4486f29a0624c9606) Importer(815301076,1909f56bfc062723c751e8b465ee728b)  -> (artifact id: '516c84e5bd9f4c57a21625ffb951b12d') in 0.028276 seconds 
========================================================================
Received Import Request.
  Time since last request: 0.000046 seconds.
  path: Assets/Tiny Giant Studio/Modular 3D Text/Media/Materials/Grey.mat
  artifactKey: Guid(b1b4721719ff98b4abf45943c7e47451) Importer(815301076,1909f56bfc062723c751e8b465ee728b)
Start importing Assets/Tiny Giant Studio/Modular 3D Text/Media/Materials/Grey.mat using Guid(b1b4721719ff98b4abf45943c7e47451) Importer(815301076,1909f56bfc062723c751e8b465ee728b)  -> (artifact id: '3af1a9a60aacb57e899e3df2cd025433') in 0.027408 seconds 
========================================================================
Received Import Request.
  Time since last request: 0.000053 seconds.
  path: Assets/Tiny Giant Studio/Modular 3D Text/Media/Materials/Grey Dark.mat
  artifactKey: Guid(c958ce690de9a0841b7b2d7f597ac79a) Importer(815301076,1909f56bfc062723c751e8b465ee728b)
Start importing Assets/Tiny Giant Studio/Modular 3D Text/Media/Materials/Grey Dark.mat using Guid(c958ce690de9a0841b7b2d7f597ac79a) Importer(815301076,1909f56bfc062723c751e8b465ee728b)  -> (artifact id: '02dd0c2037455b3936c5fca7aa4a826d') in 0.024836 seconds 
